[0.856s] Invoking command in '/home/jeremy/Resources/src/py_pubsub': DEBUGINFOD_URLS=https://debuginfod.ubuntu.com PYTHONPATH=/home/jeremy/Resources/build/py_pubsub/prefix_override:/usr/lib/python3/dist-packages/colcon_core/task/python/colcon_distutils_commands:/home/jeremy/Resources/install/py_pubsub/lib/python3.12/site-packages:${PYTHONPATH} /usr/bin/python3 -W ignore:setup.py install is deprecated -W ignore:easy_install command is deprecated setup.py egg_info --egg-base ../../build/py_pubsub build --build-base /home/jeremy/Resources/build/py_pubsub/build install --record /home/jeremy/Resources/build/py_pubsub/install.log --single-version-externally-managed install_data
[1.080s] running egg_info
[1.080s] creating ../../build/py_pubsub/py_pubsub.egg-info
[1.095s] writing ../../build/py_pubsub/py_pubsub.egg-info/PKG-INFO
[1.095s] writing dependency_links to ../../build/py_pubsub/py_pubsub.egg-info/dependency_links.txt
[1.096s] writing requirements to ../../build/py_pubsub/py_pubsub.egg-info/requires.txt
[1.096s] writing top-level names to ../../build/py_pubsub/py_pubsub.egg-info/top_level.txt
[1.096s] writing manifest file '../../build/py_pubsub/py_pubsub.egg-info/SOURCES.txt'
[1.134s] reading manifest file '../../build/py_pubsub/py_pubsub.egg-info/SOURCES.txt'
[1.134s] adding license file 'LICENSE'
[1.135s] writing manifest file '../../build/py_pubsub/py_pubsub.egg-info/SOURCES.txt'
[1.135s] running build
[1.135s] running build_py
[1.135s] creating /home/jeremy/Resources/build/py_pubsub/build
[1.135s] creating /home/jeremy/Resources/build/py_pubsub/build/lib
[1.135s] creating /home/jeremy/Resources/build/py_pubsub/build/lib/py_pubsub
[1.135s] copying py_pubsub/publisher_member_function.py -> /home/jeremy/Resources/build/py_pubsub/build/lib/py_pubsub
[1.135s] copying py_pubsub/__init__.py -> /home/jeremy/Resources/build/py_pubsub/build/lib/py_pubsub
[1.135s] running install
[1.141s] running install_lib
[1.157s] creating /home/jeremy/Resources/install/py_pubsub/lib/python3.12/site-packages/py_pubsub
[1.157s] copying /home/jeremy/Resources/build/py_pubsub/build/lib/py_pubsub/publisher_member_function.py -> /home/jeremy/Resources/install/py_pubsub/lib/python3.12/site-packages/py_pubsub
[1.157s] copying /home/jeremy/Resources/build/py_pubsub/build/lib/py_pubsub/__init__.py -> /home/jeremy/Resources/install/py_pubsub/lib/python3.12/site-packages/py_pubsub
[1.158s] byte-compiling /home/jeremy/Resources/install/py_pubsub/lib/python3.12/site-packages/py_pubsub/publisher_member_function.py to publisher_member_function.cpython-312.pyc
[1.158s] byte-compiling /home/jeremy/Resources/install/py_pubsub/lib/python3.12/site-packages/py_pubsub/__init__.py to __init__.cpython-312.pyc
[1.158s] running install_data
[1.158s] creating /home/jeremy/Resources/install/py_pubsub/share/ament_index
[1.158s] creating /home/jeremy/Resources/install/py_pubsub/share/ament_index/resource_index
[1.159s] creating /home/jeremy/Resources/install/py_pubsub/share/ament_index/resource_index/packages
[1.159s] copying resource/py_pubsub -> /home/jeremy/Resources/install/py_pubsub/share/ament_index/resource_index/packages
[1.159s] copying package.xml -> /home/jeremy/Resources/install/py_pubsub/share/py_pubsub
[1.159s] running install_egg_info
[1.176s] Copying ../../build/py_pubsub/py_pubsub.egg-info to /home/jeremy/Resources/install/py_pubsub/lib/python3.12/site-packages/py_pubsub-0.0.0-py3.12.egg-info
[1.176s] running install_scripts
[1.287s] writing list of installed files to '/home/jeremy/Resources/build/py_pubsub/install.log'
[1.325s] Invoked command in '/home/jeremy/Resources/src/py_pubsub' returned '0': DEBUGINFOD_URLS=https://debuginfod.ubuntu.com PYTHONPATH=/home/jeremy/Resources/build/py_pubsub/prefix_override:/usr/lib/python3/dist-packages/colcon_core/task/python/colcon_distutils_commands:/home/jeremy/Resources/install/py_pubsub/lib/python3.12/site-packages:${PYTHONPATH} /usr/bin/python3 -W ignore:setup.py install is deprecated -W ignore:easy_install command is deprecated setup.py egg_info --egg-base ../../build/py_pubsub build --build-base /home/jeremy/Resources/build/py_pubsub/build install --record /home/jeremy/Resources/build/py_pubsub/install.log --single-version-externally-managed install_data
