running egg_info
creating ../../build/pioneer/pioneer.egg-info
writing ../../build/pioneer/pioneer.egg-info/PKG-INFO
writing dependency_links to ../../build/pioneer/pioneer.egg-info/dependency_links.txt
writing requirements to ../../build/pioneer/pioneer.egg-info/requires.txt
writing top-level names to ../../build/pioneer/pioneer.egg-info/top_level.txt
writing manifest file '../../build/pioneer/pioneer.egg-info/SOURCES.txt'
reading manifest file '../../build/pioneer/pioneer.egg-info/SOURCES.txt'
writing manifest file '../../build/pioneer/pioneer.egg-info/SOURCES.txt'
running build
running build_py
creating /home/jeremy/Resources/build/pioneer/build
creating /home/jeremy/Resources/build/pioneer/build/lib
creating /home/jeremy/Resources/build/pioneer/build/lib/pioneer
copying pioneer/__init__.py -> /home/jeremy/Resources/build/pioneer/build/lib/pioneer
running install
running install_lib
creating /home/jeremy/Resources/install/pioneer/lib/python3.12/site-packages/pioneer
copying /home/jeremy/Resources/build/pioneer/build/lib/pioneer/__init__.py -> /home/jeremy/Resources/install/pioneer/lib/python3.12/site-packages/pioneer
byte-compiling /home/jeremy/Resources/install/pioneer/lib/python3.12/site-packages/pioneer/__init__.py to __init__.cpython-312.pyc
running install_data
creating /home/jeremy/Resources/install/pioneer/share/ament_index
creating /home/jeremy/Resources/install/pioneer/share/ament_index/resource_index
creating /home/jeremy/Resources/install/pioneer/share/ament_index/resource_index/packages
copying resource/pioneer -> /home/jeremy/Resources/install/pioneer/share/ament_index/resource_index/packages
copying package.xml -> /home/jeremy/Resources/install/pioneer/share/pioneer
creating /home/jeremy/Resources/install/pioneer/share/pioneer/src
creating /home/jeremy/Resources/install/pioneer/share/pioneer/src/meshes
creating /home/jeremy/Resources/install/pioneer/share/pioneer/src/meshes/p3at_meshes
copying src/meshes/p3at_meshes/top.dae -> /home/jeremy/Resources/install/pioneer/share/pioneer/src/meshes/p3at_meshes
copying src/meshes/p3at_meshes/top.stl -> /home/jeremy/Resources/install/pioneer/share/pioneer/src/meshes/p3at_meshes
copying src/meshes/p3at_meshes/chassis.stl -> /home/jeremy/Resources/install/pioneer/share/pioneer/src/meshes/p3at_meshes
copying src/meshes/p3at_meshes/axle.dae -> /home/jeremy/Resources/install/pioneer/share/pioneer/src/meshes/p3at_meshes
copying src/meshes/p3at_meshes/Coordinates -> /home/jeremy/Resources/install/pioneer/share/pioneer/src/meshes/p3at_meshes
copying src/meshes/p3at_meshes/back_sonar.dae -> /home/jeremy/Resources/install/pioneer/share/pioneer/src/meshes/p3at_meshes
copying src/meshes/p3at_meshes/front_sonar.stl -> /home/jeremy/Resources/install/pioneer/share/pioneer/src/meshes/p3at_meshes
copying src/meshes/p3at_meshes/right_hubcap.dae -> /home/jeremy/Resources/install/pioneer/share/pioneer/src/meshes/p3at_meshes
copying src/meshes/p3at_meshes/right_hubcap.stl -> /home/jeremy/Resources/install/pioneer/share/pioneer/src/meshes/p3at_meshes
copying src/meshes/p3at_meshes/axle.stl -> /home/jeremy/Resources/install/pioneer/share/pioneer/src/meshes/p3at_meshes
copying src/meshes/p3at_meshes/wheel.stl -> /home/jeremy/Resources/install/pioneer/share/pioneer/src/meshes/p3at_meshes
copying src/meshes/p3at_meshes/chassis.dae -> /home/jeremy/Resources/install/pioneer/share/pioneer/src/meshes/p3at_meshes
copying src/meshes/p3at_meshes/wheel.dae -> /home/jeremy/Resources/install/pioneer/share/pioneer/src/meshes/p3at_meshes
copying src/meshes/p3at_meshes/front_sonar.dae -> /home/jeremy/Resources/install/pioneer/share/pioneer/src/meshes/p3at_meshes
copying src/meshes/p3at_meshes/left_hubcap.dae -> /home/jeremy/Resources/install/pioneer/share/pioneer/src/meshes/p3at_meshes
copying src/meshes/p3at_meshes/left_hubcap.stl -> /home/jeremy/Resources/install/pioneer/share/pioneer/src/meshes/p3at_meshes
copying src/meshes/p3at_meshes/back_sonar.stl -> /home/jeremy/Resources/install/pioneer/share/pioneer/src/meshes/p3at_meshes
copying src/meshes/tampa1_mesh.dae -> /home/jeremy/Resources/install/pioneer/share/pioneer/src/meshes
copying src/meshes/hokuyo1.dae -> /home/jeremy/Resources/install/pioneer/share/pioneer/src/meshes
copying src/meshes/top.dae -> /home/jeremy/Resources/install/pioneer/share/pioneer/src/meshes
copying src/meshes/suporte_depth_mesh.dae -> /home/jeremy/Resources/install/pioneer/share/pioneer/src/meshes
copying src/meshes/suporte_base_mesh.dae -> /home/jeremy/Resources/install/pioneer/share/pioneer/src/meshes
copying src/meshes/axle.dae -> /home/jeremy/Resources/install/pioneer/share/pioneer/src/meshes
copying src/meshes/tampa4_mesh.dae -> /home/jeremy/Resources/install/pioneer/share/pioneer/src/meshes
copying src/meshes/kinect.dae -> /home/jeremy/Resources/install/pioneer/share/pioneer/src/meshes
copying src/meshes/suporte_kinect_mesh.dae -> /home/jeremy/Resources/install/pioneer/share/pioneer/src/meshes
copying src/meshes/suporte_armControl_mesh.dae -> /home/jeremy/Resources/install/pioneer/share/pioneer/src/meshes
copying src/meshes/Coordinates -> /home/jeremy/Resources/install/pioneer/share/pioneer/src/meshes
copying src/meshes/suporte_monitor_mesh.dae -> /home/jeremy/Resources/install/pioneer/share/pioneer/src/meshes
copying src/meshes/back_sonar.dae -> /home/jeremy/Resources/install/pioneer/share/pioneer/src/meshes
copying src/meshes/tampa2_mesh.dae -> /home/jeremy/Resources/install/pioneer/share/pioneer/src/meshes
copying src/meshes/right_hubcap.dae -> /home/jeremy/Resources/install/pioneer/share/pioneer/src/meshes
copying src/meshes/back_sonar_mesh.dae -> /home/jeremy/Resources/install/pioneer/share/pioneer/src/meshes
copying src/meshes/hokuyo_convex.stl -> /home/jeremy/Resources/install/pioneer/share/pioneer/src/meshes
copying src/meshes/hokuyo.dae -> /home/jeremy/Resources/install/pioneer/share/pioneer/src/meshes
copying src/meshes/chassis.dae -> /home/jeremy/Resources/install/pioneer/share/pioneer/src/meshes
copying src/meshes/arm_control_box_mesh.dae -> /home/jeremy/Resources/install/pioneer/share/pioneer/src/meshes
copying src/meshes/wheel.dae -> /home/jeremy/Resources/install/pioneer/share/pioneer/src/meshes
copying src/meshes/left_hubcap_mesh.dae -> /home/jeremy/Resources/install/pioneer/share/pioneer/src/meshes
copying src/meshes/front_sonar.dae -> /home/jeremy/Resources/install/pioneer/share/pioneer/src/meshes
copying src/meshes/kinect.tga -> /home/jeremy/Resources/install/pioneer/share/pioneer/src/meshes
copying src/meshes/left_hubcap.dae -> /home/jeremy/Resources/install/pioneer/share/pioneer/src/meshes
copying src/meshes/tampa3_mesh.dae -> /home/jeremy/Resources/install/pioneer/share/pioneer/src/meshes
copying src/meshes/tv_mesh.dae -> /home/jeremy/Resources/install/pioneer/share/pioneer/src/meshes
copying src/meshes/suporte_base_mesh2.dae -> /home/jeremy/Resources/install/pioneer/share/pioneer/src/meshes
creating /home/jeremy/Resources/install/pioneer/share/pioneer/src/robots
copying src/robots/pioneer.urdf -> /home/jeremy/Resources/install/pioneer/share/pioneer/src/robots
creating /home/jeremy/Resources/install/pioneer/share/pioneer/src/worlds
copying src/worlds/basic_urdf.sdf -> /home/jeremy/Resources/install/pioneer/share/pioneer/src/worlds
creating /home/jeremy/Resources/install/pioneer/share/pioneer/launch
copying launch/display.launch.py -> /home/jeremy/Resources/install/pioneer/share/pioneer/launch
copying launch/sdf.launch.py -> /home/jeremy/Resources/install/pioneer/share/pioneer/launch
creating /home/jeremy/Resources/install/pioneer/share/pioneer/rviz
copying rviz/config.rviz -> /home/jeremy/Resources/install/pioneer/share/pioneer/rviz
running install_egg_info
Copying ../../build/pioneer/pioneer.egg-info to /home/jeremy/Resources/install/pioneer/lib/python3.12/site-packages/pioneer-0.0.0-py3.12.egg-info
running install_scripts
writing list of installed files to '/home/jeremy/Resources/build/pioneer/install.log'
