[0.617s] Invoking command in '/home/jeremy/Resources/src/pioneer': DEBUGINFOD_URLS=https://debuginfod.ubuntu.com PYTHONPATH=/home/jeremy/Resources/build/pioneer/prefix_override:/usr/lib/python3/dist-packages/colcon_core/task/python/colcon_distutils_commands:/home/jeremy/Resources/install/pioneer/lib/python3.12/site-packages:${PYTHONPATH} /usr/bin/python3 -W ignore:setup.py install is deprecated -W ignore:easy_install command is deprecated setup.py egg_info --egg-base ../../build/pioneer build --build-base /home/jeremy/Resources/build/pioneer/build install --record /home/jeremy/Resources/build/pioneer/install.log --single-version-externally-managed install_data
[0.829s] running egg_info
[0.830s] creating ../../build/pioneer/pioneer.egg-info
[0.845s] writing ../../build/pioneer/pioneer.egg-info/PKG-INFO
[0.845s] writing dependency_links to ../../build/pioneer/pioneer.egg-info/dependency_links.txt
[0.845s] writing requirements to ../../build/pioneer/pioneer.egg-info/requires.txt
[0.845s] writing top-level names to ../../build/pioneer/pioneer.egg-info/top_level.txt
[0.845s] writing manifest file '../../build/pioneer/pioneer.egg-info/SOURCES.txt'
[0.877s] reading manifest file '../../build/pioneer/pioneer.egg-info/SOURCES.txt'
[0.878s] writing manifest file '../../build/pioneer/pioneer.egg-info/SOURCES.txt'
[0.878s] running build
[0.878s] running build_py
[0.878s] creating /home/jeremy/Resources/build/pioneer/build
[0.878s] creating /home/jeremy/Resources/build/pioneer/build/lib
[0.878s] creating /home/jeremy/Resources/build/pioneer/build/lib/pioneer
[0.878s] copying pioneer/__init__.py -> /home/jeremy/Resources/build/pioneer/build/lib/pioneer
[0.878s] running install
[0.884s] running install_lib
[0.898s] creating /home/jeremy/Resources/install/pioneer/lib/python3.12/site-packages/pioneer
[0.898s] copying /home/jeremy/Resources/build/pioneer/build/lib/pioneer/__init__.py -> /home/jeremy/Resources/install/pioneer/lib/python3.12/site-packages/pioneer
[0.898s] byte-compiling /home/jeremy/Resources/install/pioneer/lib/python3.12/site-packages/pioneer/__init__.py to __init__.cpython-312.pyc
[0.899s] running install_data
[0.899s] creating /home/jeremy/Resources/install/pioneer/share/ament_index
[0.899s] creating /home/jeremy/Resources/install/pioneer/share/ament_index/resource_index
[0.899s] creating /home/jeremy/Resources/install/pioneer/share/ament_index/resource_index/packages
[0.899s] copying resource/pioneer -> /home/jeremy/Resources/install/pioneer/share/ament_index/resource_index/packages
[0.899s] copying package.xml -> /home/jeremy/Resources/install/pioneer/share/pioneer
[0.899s] creating /home/jeremy/Resources/install/pioneer/share/pioneer/src
[0.899s] creating /home/jeremy/Resources/install/pioneer/share/pioneer/src/meshes
[0.899s] creating /home/jeremy/Resources/install/pioneer/share/pioneer/src/meshes/p3at_meshes
[0.899s] copying src/meshes/p3at_meshes/top.dae -> /home/jeremy/Resources/install/pioneer/share/pioneer/src/meshes/p3at_meshes
[0.899s] copying src/meshes/p3at_meshes/top.stl -> /home/jeremy/Resources/install/pioneer/share/pioneer/src/meshes/p3at_meshes
[0.899s] copying src/meshes/p3at_meshes/chassis.stl -> /home/jeremy/Resources/install/pioneer/share/pioneer/src/meshes/p3at_meshes
[0.899s] copying src/meshes/p3at_meshes/axle.dae -> /home/jeremy/Resources/install/pioneer/share/pioneer/src/meshes/p3at_meshes
[0.899s] copying src/meshes/p3at_meshes/Coordinates -> /home/jeremy/Resources/install/pioneer/share/pioneer/src/meshes/p3at_meshes
[0.899s] copying src/meshes/p3at_meshes/back_sonar.dae -> /home/jeremy/Resources/install/pioneer/share/pioneer/src/meshes/p3at_meshes
[0.900s] copying src/meshes/p3at_meshes/front_sonar.stl -> /home/jeremy/Resources/install/pioneer/share/pioneer/src/meshes/p3at_meshes
[0.900s] copying src/meshes/p3at_meshes/right_hubcap.dae -> /home/jeremy/Resources/install/pioneer/share/pioneer/src/meshes/p3at_meshes
[0.900s] copying src/meshes/p3at_meshes/right_hubcap.stl -> /home/jeremy/Resources/install/pioneer/share/pioneer/src/meshes/p3at_meshes
[0.900s] copying src/meshes/p3at_meshes/axle.stl -> /home/jeremy/Resources/install/pioneer/share/pioneer/src/meshes/p3at_meshes
[0.900s] copying src/meshes/p3at_meshes/wheel.stl -> /home/jeremy/Resources/install/pioneer/share/pioneer/src/meshes/p3at_meshes
[0.900s] copying src/meshes/p3at_meshes/chassis.dae -> /home/jeremy/Resources/install/pioneer/share/pioneer/src/meshes/p3at_meshes
[0.900s] copying src/meshes/p3at_meshes/wheel.dae -> /home/jeremy/Resources/install/pioneer/share/pioneer/src/meshes/p3at_meshes
[0.900s] copying src/meshes/p3at_meshes/front_sonar.dae -> /home/jeremy/Resources/install/pioneer/share/pioneer/src/meshes/p3at_meshes
[0.900s] copying src/meshes/p3at_meshes/left_hubcap.dae -> /home/jeremy/Resources/install/pioneer/share/pioneer/src/meshes/p3at_meshes
[0.900s] copying src/meshes/p3at_meshes/left_hubcap.stl -> /home/jeremy/Resources/install/pioneer/share/pioneer/src/meshes/p3at_meshes
[0.900s] copying src/meshes/p3at_meshes/back_sonar.stl -> /home/jeremy/Resources/install/pioneer/share/pioneer/src/meshes/p3at_meshes
[0.900s] copying src/meshes/tampa1_mesh.dae -> /home/jeremy/Resources/install/pioneer/share/pioneer/src/meshes
[0.901s] copying src/meshes/hokuyo1.dae -> /home/jeremy/Resources/install/pioneer/share/pioneer/src/meshes
[0.901s] copying src/meshes/top.dae -> /home/jeremy/Resources/install/pioneer/share/pioneer/src/meshes
[0.901s] copying src/meshes/suporte_depth_mesh.dae -> /home/jeremy/Resources/install/pioneer/share/pioneer/src/meshes
[0.901s] copying src/meshes/suporte_base_mesh.dae -> /home/jeremy/Resources/install/pioneer/share/pioneer/src/meshes
[0.901s] copying src/meshes/axle.dae -> /home/jeremy/Resources/install/pioneer/share/pioneer/src/meshes
[0.901s] copying src/meshes/tampa4_mesh.dae -> /home/jeremy/Resources/install/pioneer/share/pioneer/src/meshes
[0.901s] copying src/meshes/kinect.dae -> /home/jeremy/Resources/install/pioneer/share/pioneer/src/meshes
[0.902s] copying src/meshes/suporte_kinect_mesh.dae -> /home/jeremy/Resources/install/pioneer/share/pioneer/src/meshes
[0.902s] copying src/meshes/suporte_armControl_mesh.dae -> /home/jeremy/Resources/install/pioneer/share/pioneer/src/meshes
[0.902s] copying src/meshes/Coordinates -> /home/jeremy/Resources/install/pioneer/share/pioneer/src/meshes
[0.902s] copying src/meshes/suporte_monitor_mesh.dae -> /home/jeremy/Resources/install/pioneer/share/pioneer/src/meshes
[0.902s] copying src/meshes/back_sonar.dae -> /home/jeremy/Resources/install/pioneer/share/pioneer/src/meshes
[0.902s] copying src/meshes/tampa2_mesh.dae -> /home/jeremy/Resources/install/pioneer/share/pioneer/src/meshes
[0.902s] copying src/meshes/right_hubcap.dae -> /home/jeremy/Resources/install/pioneer/share/pioneer/src/meshes
[0.902s] copying src/meshes/back_sonar_mesh.dae -> /home/jeremy/Resources/install/pioneer/share/pioneer/src/meshes
[0.902s] copying src/meshes/hokuyo_convex.stl -> /home/jeremy/Resources/install/pioneer/share/pioneer/src/meshes
[0.902s] copying src/meshes/hokuyo.dae -> /home/jeremy/Resources/install/pioneer/share/pioneer/src/meshes
[0.902s] copying src/meshes/chassis.dae -> /home/jeremy/Resources/install/pioneer/share/pioneer/src/meshes
[0.902s] copying src/meshes/arm_control_box_mesh.dae -> /home/jeremy/Resources/install/pioneer/share/pioneer/src/meshes
[0.903s] copying src/meshes/wheel.dae -> /home/jeremy/Resources/install/pioneer/share/pioneer/src/meshes
[0.903s] copying src/meshes/left_hubcap_mesh.dae -> /home/jeremy/Resources/install/pioneer/share/pioneer/src/meshes
[0.903s] copying src/meshes/front_sonar.dae -> /home/jeremy/Resources/install/pioneer/share/pioneer/src/meshes
[0.903s] copying src/meshes/kinect.tga -> /home/jeremy/Resources/install/pioneer/share/pioneer/src/meshes
[0.903s] copying src/meshes/left_hubcap.dae -> /home/jeremy/Resources/install/pioneer/share/pioneer/src/meshes
[0.903s] copying src/meshes/tampa3_mesh.dae -> /home/jeremy/Resources/install/pioneer/share/pioneer/src/meshes
[0.903s] copying src/meshes/tv_mesh.dae -> /home/jeremy/Resources/install/pioneer/share/pioneer/src/meshes
[0.903s] copying src/meshes/suporte_base_mesh2.dae -> /home/jeremy/Resources/install/pioneer/share/pioneer/src/meshes
[0.904s] creating /home/jeremy/Resources/install/pioneer/share/pioneer/src/robots
[0.904s] copying src/robots/pioneer.urdf -> /home/jeremy/Resources/install/pioneer/share/pioneer/src/robots
[0.904s] creating /home/jeremy/Resources/install/pioneer/share/pioneer/src/worlds
[0.904s] copying src/worlds/basic_urdf.sdf -> /home/jeremy/Resources/install/pioneer/share/pioneer/src/worlds
[0.904s] creating /home/jeremy/Resources/install/pioneer/share/pioneer/launch
[0.904s] copying launch/display.launch.py -> /home/jeremy/Resources/install/pioneer/share/pioneer/launch
[0.904s] copying launch/sdf.launch.py -> /home/jeremy/Resources/install/pioneer/share/pioneer/launch
[0.904s] creating /home/jeremy/Resources/install/pioneer/share/pioneer/rviz
[0.904s] copying rviz/config.rviz -> /home/jeremy/Resources/install/pioneer/share/pioneer/rviz
[0.904s] running install_egg_info
[0.926s] Copying ../../build/pioneer/pioneer.egg-info to /home/jeremy/Resources/install/pioneer/lib/python3.12/site-packages/pioneer-0.0.0-py3.12.egg-info
[0.927s] running install_scripts
[1.034s] writing list of installed files to '/home/jeremy/Resources/build/pioneer/install.log'
[1.058s] Invoked command in '/home/jeremy/Resources/src/pioneer' returned '0': DEBUGINFOD_URLS=https://debuginfod.ubuntu.com PYTHONPATH=/home/jeremy/Resources/build/pioneer/prefix_override:/usr/lib/python3/dist-packages/colcon_core/task/python/colcon_distutils_commands:/home/jeremy/Resources/install/pioneer/lib/python3.12/site-packages:${PYTHONPATH} /usr/bin/python3 -W ignore:setup.py install is deprecated -W ignore:easy_install command is deprecated setup.py egg_info --egg-base ../../build/pioneer build --build-base /home/jeremy/Resources/build/pioneer/build install --record /home/jeremy/Resources/build/pioneer/install.log --single-version-externally-managed install_data
