running egg_info
writing ../build/pioneer/pioneer.egg-info/PKG-INFO
writing dependency_links to ../build/pioneer/pioneer.egg-info/dependency_links.txt
writing requirements to ../build/pioneer/pioneer.egg-info/requires.txt
writing top-level names to ../build/pioneer/pioneer.egg-info/top_level.txt
reading manifest file '../build/pioneer/pioneer.egg-info/SOURCES.txt'
writing manifest file '../build/pioneer/pioneer.egg-info/SOURCES.txt'
running build
running build_py
running install
running install_lib
running install_data
copying src/meshes/suporte_armControl_mesh.dae -> /home/jeremy/Resources/src/install/pioneer/share/pioneer/src/meshes
copying src/meshes/Coordinates -> /home/jeremy/Resources/src/install/pioneer/share/pioneer/src/meshes
copying src/meshes/suporte_monitor_mesh.dae -> /home/jeremy/Resources/src/install/pioneer/share/pioneer/src/meshes
copying src/meshes/back_sonar.dae -> /home/jeremy/Resources/src/install/pioneer/share/pioneer/src/meshes
copying src/meshes/tampa2_mesh.dae -> /home/jeremy/Resources/src/install/pioneer/share/pioneer/src/meshes
copying src/meshes/right_hubcap.dae -> /home/jeremy/Resources/src/install/pioneer/share/pioneer/src/meshes
copying src/meshes/back_sonar_mesh.dae -> /home/jeremy/Resources/src/install/pioneer/share/pioneer/src/meshes
copying src/meshes/hokuyo_convex.stl -> /home/jeremy/Resources/src/install/pioneer/share/pioneer/src/meshes
copying src/meshes/hokuyo.dae -> /home/jeremy/Resources/src/install/pioneer/share/pioneer/src/meshes
copying src/meshes/chassis.dae -> /home/jeremy/Resources/src/install/pioneer/share/pioneer/src/meshes
copying src/meshes/arm_control_box_mesh.dae -> /home/jeremy/Resources/src/install/pioneer/share/pioneer/src/meshes
copying src/meshes/wheel.dae -> /home/jeremy/Resources/src/install/pioneer/share/pioneer/src/meshes
copying src/meshes/left_hubcap_mesh.dae -> /home/jeremy/Resources/src/install/pioneer/share/pioneer/src/meshes
copying src/meshes/front_sonar.dae -> /home/jeremy/Resources/src/install/pioneer/share/pioneer/src/meshes
copying src/meshes/kinect.tga -> /home/jeremy/Resources/src/install/pioneer/share/pioneer/src/meshes
copying src/meshes/left_hubcap.dae -> /home/jeremy/Resources/src/install/pioneer/share/pioneer/src/meshes
copying src/meshes/tampa3_mesh.dae -> /home/jeremy/Resources/src/install/pioneer/share/pioneer/src/meshes
copying src/meshes/tv_mesh.dae -> /home/jeremy/Resources/src/install/pioneer/share/pioneer/src/meshes
copying src/meshes/suporte_base_mesh2.dae -> /home/jeremy/Resources/src/install/pioneer/share/pioneer/src/meshes
creating /home/jeremy/Resources/src/install/pioneer/share/pioneer/src/robots
copying src/robots/pioneer.urdf -> /home/jeremy/Resources/src/install/pioneer/share/pioneer/src/robots
creating /home/jeremy/Resources/src/install/pioneer/share/pioneer/src/worlds
copying src/worlds/basic_urdf.sdf -> /home/jeremy/Resources/src/install/pioneer/share/pioneer/src/worlds
creating /home/jeremy/Resources/src/install/pioneer/share/pioneer/launch
copying launch/display.launch.py -> /home/jeremy/Resources/src/install/pioneer/share/pioneer/launch
copying launch/sdf.launch.py -> /home/jeremy/Resources/src/install/pioneer/share/pioneer/launch
creating /home/jeremy/Resources/src/install/pioneer/share/pioneer/rviz
copying rviz/config.rviz -> /home/jeremy/Resources/src/install/pioneer/share/pioneer/rviz
running install_egg_info
removing '/home/jeremy/Resources/src/install/pioneer/lib/python3.12/site-packages/pioneer-0.0.0-py3.12.egg-info' (and everything under it)
Copying ../build/pioneer/pioneer.egg-info to /home/jeremy/Resources/src/install/pioneer/lib/python3.12/site-packages/pioneer-0.0.0-py3.12.egg-info
running install_scripts
writing list of installed files to '/home/jeremy/Resources/src/build/pioneer/install.log'
