[1.584s] Invoking command in '/home/jeremy/Resources/src/py_pubsub': DEBUGINFOD_URLS=https://debuginfod.ubuntu.com PYTHONPATH=/home/jeremy/Resources/build/py_pubsub/prefix_override:/usr/lib/python3/dist-packages/colcon_core/task/python/colcon_distutils_commands:/home/jeremy/Resources/install/py_pubsub/lib/python3.12/site-packages:${PYTHONPATH} /usr/bin/python3 -W ignore:setup.py install is deprecated -W ignore:easy_install command is deprecated setup.py egg_info --egg-base ../../build/py_pubsub build --build-base /home/jeremy/Resources/build/py_pubsub/build install --record /home/jeremy/Resources/build/py_pubsub/install.log --single-version-externally-managed install_data
[1.891s] running egg_info
[1.921s] writing ../../build/py_pubsub/py_pubsub.egg-info/PKG-INFO
[1.922s] writing dependency_links to ../../build/py_pubsub/py_pubsub.egg-info/dependency_links.txt
[1.922s] writing requirements to ../../build/py_pubsub/py_pubsub.egg-info/requires.txt
[1.922s] writing top-level names to ../../build/py_pubsub/py_pubsub.egg-info/top_level.txt
[1.967s] reading manifest file '../../build/py_pubsub/py_pubsub.egg-info/SOURCES.txt'
[1.967s] adding license file 'LICENSE'
[1.967s] writing manifest file '../../build/py_pubsub/py_pubsub.egg-info/SOURCES.txt'
[1.968s] running build
[1.968s] running build_py
[1.968s] running install
[1.975s] running install_lib
[2.011s] running install_data
[2.011s] running install_egg_info
[2.045s] removing '/home/jeremy/Resources/install/py_pubsub/lib/python3.12/site-packages/py_pubsub-0.0.0-py3.12.egg-info' (and everything under it)
[2.046s] Copying ../../build/py_pubsub/py_pubsub.egg-info to /home/jeremy/Resources/install/py_pubsub/lib/python3.12/site-packages/py_pubsub-0.0.0-py3.12.egg-info
[2.047s] running install_scripts
[2.204s] writing list of installed files to '/home/jeremy/Resources/build/py_pubsub/install.log'
[2.255s] Invoked command in '/home/jeremy/Resources/src/py_pubsub' returned '0': DEBUGINFOD_URLS=https://debuginfod.ubuntu.com PYTHONPATH=/home/jeremy/Resources/build/py_pubsub/prefix_override:/usr/lib/python3/dist-packages/colcon_core/task/python/colcon_distutils_commands:/home/jeremy/Resources/install/py_pubsub/lib/python3.12/site-packages:${PYTHONPATH} /usr/bin/python3 -W ignore:setup.py install is deprecated -W ignore:easy_install command is deprecated setup.py egg_info --egg-base ../../build/py_pubsub build --build-base /home/jeremy/Resources/build/py_pubsub/build install --record /home/jeremy/Resources/build/py_pubsub/install.log --single-version-externally-managed install_data
