[0.074s] DEBUG:colcon:Command line arguments: ['/usr/bin/colcon', 'build']
[0.074s] DEBUG:colcon:Parsed command line arguments: Namespace(log_base=None, log_level=None, verb_name='build', build_base='build', install_base='install', merge_install=False, symlink_install=False, test_result_base=None, continue_on_error=False, executor='parallel', parallel_workers=8, event_handlers=None, ignore_user_meta=False, metas=['./colcon.meta'], base_paths=['.'], packages_ignore=None, packages_ignore_regex=None, paths=None, packages_up_to=None, packages_up_to_regex=None, packages_above=None, packages_above_and_dependencies=None, packages_above_depth=None, packages_select_by_dep=None, packages_skip_by_dep=None, packages_skip_up_to=None, packages_select_build_failed=False, packages_skip_build_finished=False, packages_select_test_failures=False, packages_skip_test_passed=False, packages_select=None, packages_skip=None, packages_select_regex=None, packages_skip_regex=None, packages_start=None, packages_end=None, cmake_args=None, cmake_target=None, cmake_target_skip_unavailable=False, cmake_clean_cache=False, cmake_clean_first=False, cmake_force_configure=False, ament_cmake_args=None, catkin_cmake_args=None, catkin_skip_building_tests=False, verb_parser=<colcon_defaults.argument_parser.defaults.DefaultArgumentsDecorator object at 0x7f1d0e718a70>, verb_extension=<colcon_core.verb.build.BuildVerb object at 0x7f1d0e8ebe60>, main=<bound method BuildVerb.main of <colcon_core.verb.build.BuildVerb object at 0x7f1d0e8ebe60>>)
[0.103s] Level 1:colcon.colcon_core.package_discovery:discover_packages(colcon_meta) check parameters
[0.103s] Level 1:colcon.colcon_core.package_discovery:discover_packages(recursive) check parameters
[0.103s] Level 1:colcon.colcon_core.package_discovery:discover_packages(ignore) check parameters
[0.103s] Level 1:colcon.colcon_core.package_discovery:discover_packages(path) check parameters
[0.103s] Level 1:colcon.colcon_core.package_discovery:discover_packages(colcon_meta) discover
[0.103s] Level 1:colcon.colcon_core.package_discovery:discover_packages(recursive) discover
[0.103s] INFO:colcon.colcon_core.package_discovery:Crawling recursively for packages in '/home/jeremy/Resources/src'
[0.103s] Level 1:colcon.colcon_core.package_identification:_identify(.) by extensions ['ignore', 'ignore_ament_install']
[0.103s] Level 1:colcon.colcon_core.package_identification:_identify(.) by extension 'ignore'
[0.103s] Level 1:colcon.colcon_core.package_identification:_identify(.) by extension 'ignore_ament_install'
[0.103s] Level 1:colcon.colcon_core.package_identification:_identify(.) by extensions ['colcon_pkg']
[0.103s] Level 1:colcon.colcon_core.package_identification:_identify(.) by extension 'colcon_pkg'
[0.103s] Level 1:colcon.colcon_core.package_identification:_identify(.) by extensions ['colcon_meta']
[0.103s] Level 1:colcon.colcon_core.package_identification:_identify(.) by extension 'colcon_meta'
[0.103s] Level 1:colcon.colcon_core.package_identification:_identify(.) by extensions ['ros']
[0.103s] Level 1:colcon.colcon_core.package_identification:_identify(.) by extension 'ros'
[0.122s] Level 1:colcon.colcon_core.package_identification:_identify(.) by extensions ['cmake', 'python']
[0.122s] Level 1:colcon.colcon_core.package_identification:_identify(.) by extension 'cmake'
[0.122s] Level 1:colcon.colcon_core.package_identification:_identify(.) by extension 'python'
[0.123s] Level 1:colcon.colcon_core.package_identification:_identify(.) by extensions ['python_setup_py']
[0.123s] Level 1:colcon.colcon_core.package_identification:_identify(.) by extension 'python_setup_py'
[0.123s] Level 1:colcon.colcon_core.package_identification:_identify(build) by extensions ['ignore', 'ignore_ament_install']
[0.123s] Level 1:colcon.colcon_core.package_identification:_identify(build) by extension 'ignore'
[0.123s] Level 1:colcon.colcon_core.package_identification:_identify(build) ignored
[0.123s] Level 1:colcon.colcon_core.package_identification:_identify(install) by extensions ['ignore', 'ignore_ament_install']
[0.123s] Level 1:colcon.colcon_core.package_identification:_identify(install) by extension 'ignore'
[0.123s] Level 1:colcon.colcon_core.package_identification:_identify(install) ignored
[0.123s] Level 1:colcon.colcon_core.package_identification:_identify(log) by extensions ['ignore', 'ignore_ament_install']
[0.123s] Level 1:colcon.colcon_core.package_identification:_identify(log) by extension 'ignore'
[0.123s] Level 1:colcon.colcon_core.package_identification:_identify(log) ignored
[0.123s] Level 1:colcon.colcon_core.package_identification:_identify(pioneer) by extensions ['ignore', 'ignore_ament_install']
[0.123s] Level 1:colcon.colcon_core.package_identification:_identify(pioneer) by extension 'ignore'
[0.123s] Level 1:colcon.colcon_core.package_identification:_identify(pioneer) by extension 'ignore_ament_install'
[0.123s] Level 1:colcon.colcon_core.package_identification:_identify(pioneer) by extensions ['colcon_pkg']
[0.123s] Level 1:colcon.colcon_core.package_identification:_identify(pioneer) by extension 'colcon_pkg'
[0.123s] Level 1:colcon.colcon_core.package_identification:_identify(pioneer) by extensions ['colcon_meta']
[0.123s] Level 1:colcon.colcon_core.package_identification:_identify(pioneer) by extension 'colcon_meta'
[0.124s] Level 1:colcon.colcon_core.package_identification:_identify(pioneer) by extensions ['ros']
[0.124s] Level 1:colcon.colcon_core.package_identification:_identify(pioneer) by extension 'ros'
[0.126s] DEBUG:colcon.colcon_core.package_identification:Package 'pioneer' with type 'ros.ament_python' and name 'pioneer'
[0.126s] Level 1:colcon.colcon_core.package_discovery:discover_packages(recursive) using defaults
[0.126s] Level 1:colcon.colcon_core.package_discovery:discover_packages(ignore) discover
[0.126s] Level 1:colcon.colcon_core.package_discovery:discover_packages(ignore) using defaults
[0.126s] Level 1:colcon.colcon_core.package_discovery:discover_packages(path) discover
[0.126s] Level 1:colcon.colcon_core.package_discovery:discover_packages(path) using defaults
[0.141s] Level 5:colcon.colcon_core.verb:set package 'pioneer' build argument 'cmake_args' from command line to 'None'
[0.141s] Level 5:colcon.colcon_core.verb:set package 'pioneer' build argument 'cmake_target' from command line to 'None'
[0.141s] Level 5:colcon.colcon_core.verb:set package 'pioneer' build argument 'cmake_target_skip_unavailable' from command line to 'False'
[0.141s] Level 5:colcon.colcon_core.verb:set package 'pioneer' build argument 'cmake_clean_cache' from command line to 'False'
[0.141s] Level 5:colcon.colcon_core.verb:set package 'pioneer' build argument 'cmake_clean_first' from command line to 'False'
[0.141s] Level 5:colcon.colcon_core.verb:set package 'pioneer' build argument 'cmake_force_configure' from command line to 'False'
[0.142s] Level 5:colcon.colcon_core.verb:set package 'pioneer' build argument 'ament_cmake_args' from command line to 'None'
[0.142s] Level 5:colcon.colcon_core.verb:set package 'pioneer' build argument 'catkin_cmake_args' from command line to 'None'
[0.142s] Level 5:colcon.colcon_core.verb:set package 'pioneer' build argument 'catkin_skip_building_tests' from command line to 'False'
[0.142s] DEBUG:colcon.colcon_core.verb:Building package 'pioneer' with the following arguments: {'ament_cmake_args': None, 'build_base': '/home/jeremy/Resources/src/build/pioneer', 'catkin_cmake_args': None, 'catkin_skip_building_tests': False, 'cmake_args': None, 'cmake_clean_cache': False, 'cmake_clean_first': False, 'cmake_force_configure': False, 'cmake_target': None, 'cmake_target_skip_unavailable': False, 'install_base': '/home/jeremy/Resources/src/install/pioneer', 'merge_install': False, 'path': '/home/jeremy/Resources/src/pioneer', 'symlink_install': False, 'test_result_base': None}
[0.142s] INFO:colcon.colcon_core.executor:Executing jobs using 'parallel' executor
[0.142s] DEBUG:colcon.colcon_parallel_executor.executor.parallel:run_until_complete
[0.143s] INFO:colcon.colcon_ros.task.ament_python.build:Building ROS package in '/home/jeremy/Resources/src/pioneer' with build type 'ament_python'
[0.143s] Level 1:colcon.colcon_core.shell:create_environment_hook('pioneer', 'ament_prefix_path')
[0.144s] INFO:colcon.colcon_core.plugin_system:Skipping extension 'colcon_core.shell.bat': Not used on non-Windows systems
[0.144s] INFO:colcon.colcon_core.shell:Creating environment descriptor '/home/jeremy/Resources/src/install/pioneer/share/pioneer/hook/ament_prefix_path.dsv'
[0.145s] INFO:colcon.colcon_core.shell:Creating environment hook '/home/jeremy/Resources/src/install/pioneer/share/pioneer/hook/ament_prefix_path.sh'
[0.145s] DEBUG:colcon.colcon_core.shell:Skip shell extension 'dsv' for command environment
[0.319s] INFO:colcon.colcon_core.task.python.build:Building Python package in '/home/jeremy/Resources/src/pioneer'
[0.319s] DEBUG:colcon.colcon_core.shell:Skip shell extension 'dsv' for command environment
[0.792s] DEBUG:colcon.colcon_core.event_handler.log_command:Invoking command in '/home/jeremy/Resources/src/pioneer': DEBUGINFOD_URLS=https://debuginfod.ubuntu.com PYTHONPATH=/home/jeremy/Resources/src/build/pioneer/prefix_override:/usr/lib/python3/dist-packages/colcon_core/task/python/colcon_distutils_commands:/home/jeremy/Resources/src/install/pioneer/lib/python3.12/site-packages:${PYTHONPATH} /usr/bin/python3 -W ignore:setup.py install is deprecated -W ignore:easy_install command is deprecated setup.py egg_info --egg-base ../build/pioneer build --build-base /home/jeremy/Resources/src/build/pioneer/build install --record /home/jeremy/Resources/src/build/pioneer/install.log --single-version-externally-managed install_data
[1.221s] DEBUG:colcon.colcon_core.event_handler.log_command:Invoked command in '/home/jeremy/Resources/src/pioneer' returned '0': DEBUGINFOD_URLS=https://debuginfod.ubuntu.com PYTHONPATH=/home/jeremy/Resources/src/build/pioneer/prefix_override:/usr/lib/python3/dist-packages/colcon_core/task/python/colcon_distutils_commands:/home/jeremy/Resources/src/install/pioneer/lib/python3.12/site-packages:${PYTHONPATH} /usr/bin/python3 -W ignore:setup.py install is deprecated -W ignore:easy_install command is deprecated setup.py egg_info --egg-base ../build/pioneer build --build-base /home/jeremy/Resources/src/build/pioneer/build install --record /home/jeremy/Resources/src/build/pioneer/install.log --single-version-externally-managed install_data
[1.222s] Level 1:colcon.colcon_core.environment:checking '/home/jeremy/Resources/src/install/pioneer' for CMake module files
[1.223s] Level 1:colcon.colcon_core.environment:checking '/home/jeremy/Resources/src/install/pioneer' for CMake config files
[1.223s] Level 1:colcon.colcon_core.environment:checking '/home/jeremy/Resources/src/install/pioneer/lib'
[1.223s] Level 1:colcon.colcon_core.environment:checking '/home/jeremy/Resources/src/install/pioneer/bin'
[1.223s] Level 1:colcon.colcon_core.environment:checking '/home/jeremy/Resources/src/install/pioneer/lib/pkgconfig/pioneer.pc'
[1.224s] Level 1:colcon.colcon_core.environment:checking '/home/jeremy/Resources/src/install/pioneer/lib/python3.12/site-packages'
[1.224s] Level 1:colcon.colcon_core.shell:create_environment_hook('pioneer', 'pythonpath')
[1.224s] INFO:colcon.colcon_core.shell:Creating environment descriptor '/home/jeremy/Resources/src/install/pioneer/share/pioneer/hook/pythonpath.dsv'
[1.224s] INFO:colcon.colcon_core.shell:Creating environment hook '/home/jeremy/Resources/src/install/pioneer/share/pioneer/hook/pythonpath.sh'
[1.225s] Level 1:colcon.colcon_core.environment:checking '/home/jeremy/Resources/src/install/pioneer/bin'
[1.225s] Level 1:colcon.colcon_core.environment:create_environment_scripts_only(pioneer)
[1.225s] INFO:colcon.colcon_core.shell:Creating package descriptor '/home/jeremy/Resources/src/install/pioneer/share/pioneer/package.dsv'
[1.225s] INFO:colcon.colcon_core.shell:Creating package script '/home/jeremy/Resources/src/install/pioneer/share/pioneer/package.sh'
[1.226s] INFO:colcon.colcon_core.shell:Creating package script '/home/jeremy/Resources/src/install/pioneer/share/pioneer/package.bash'
[1.226s] INFO:colcon.colcon_core.shell:Creating package script '/home/jeremy/Resources/src/install/pioneer/share/pioneer/package.zsh'
[1.227s] Level 1:colcon.colcon_core.environment:create_file_with_runtime_dependencies(/home/jeremy/Resources/src/install/pioneer/share/colcon-core/packages/pioneer)
[1.227s] DEBUG:colcon.colcon_parallel_executor.executor.parallel:closing loop
[1.227s] DEBUG:colcon.colcon_parallel_executor.executor.parallel:loop closed
[1.227s] DEBUG:colcon.colcon_parallel_executor.executor.parallel:run_until_complete finished with '0'
[1.227s] DEBUG:colcon.colcon_core.event_reactor:joining thread
[1.231s] INFO:colcon.colcon_core.plugin_system:Skipping extension 'colcon_notification.desktop_notification.terminal_notifier': Not used on non-Darwin systems
[1.231s] INFO:colcon.colcon_core.plugin_system:Skipping extension 'colcon_notification.desktop_notification.win32': Not used on non-Windows systems
[1.231s] INFO:colcon.colcon_notification.desktop_notification:Sending desktop notification using 'notify2'
[1.248s] DEBUG:colcon.colcon_core.event_reactor:joined thread
[1.248s] INFO:colcon.colcon_core.shell:Creating prefix script '/home/jeremy/Resources/src/install/local_setup.sh'
[1.249s] INFO:colcon.colcon_core.shell:Creating prefix util module '/home/jeremy/Resources/src/install/_local_setup_util_sh.py'
[1.249s] INFO:colcon.colcon_core.shell:Creating prefix chain script '/home/jeremy/Resources/src/install/setup.sh'
[1.250s] INFO:colcon.colcon_core.shell:Creating prefix script '/home/jeremy/Resources/src/install/local_setup.bash'
[1.251s] INFO:colcon.colcon_core.shell:Creating prefix chain script '/home/jeremy/Resources/src/install/setup.bash'
[1.252s] INFO:colcon.colcon_core.shell:Creating prefix script '/home/jeremy/Resources/src/install/local_setup.zsh'
[1.252s] INFO:colcon.colcon_core.shell:Creating prefix chain script '/home/jeremy/Resources/src/install/setup.zsh'
