[1.222s] Invoking command in '/home/jeremy/Resources/src/pioneer': DEBUGINFOD_URLS=https://debuginfod.ubuntu.com PYTHONPATH=/home/jeremy/Resources/build/pioneer/prefix_override:/usr/lib/python3/dist-packages/colcon_core/task/python/colcon_distutils_commands:/home/jeremy/Resources/install/pioneer/lib/python3.12/site-packages:${PYTHONPATH} /usr/bin/python3 -W ignore:setup.py install is deprecated -W ignore:easy_install command is deprecated setup.py egg_info --egg-base ../../build/pioneer build --build-base /home/jeremy/Resources/build/pioneer/build install --record /home/jeremy/Resources/build/pioneer/install.log --single-version-externally-managed install_data
[1.542s] running egg_info
[1.564s] writing ../../build/pioneer/pioneer.egg-info/PKG-INFO
[1.565s] writing dependency_links to ../../build/pioneer/pioneer.egg-info/dependency_links.txt
[1.565s] writing entry points to ../../build/pioneer/pioneer.egg-info/entry_points.txt
[1.566s] writing requirements to ../../build/pioneer/pioneer.egg-info/requires.txt
[1.566s] writing top-level names to ../../build/pioneer/pioneer.egg-info/top_level.txt
[1.610s] reading manifest file '../../build/pioneer/pioneer.egg-info/SOURCES.txt'
[1.612s] writing manifest file '../../build/pioneer/pioneer.egg-info/SOURCES.txt'
[1.612s] running build
[1.612s] running build_py
[1.612s] running install
[1.620s] running install_lib
[1.649s] running install_data
[1.651s] running install_egg_info
[1.674s] removing '/home/jeremy/Resources/install/pioneer/lib/python3.12/site-packages/pioneer-0.0.0-py3.12.egg-info' (and everything under it)
[1.674s] Copying ../../build/pioneer/pioneer.egg-info to /home/jeremy/Resources/install/pioneer/lib/python3.12/site-packages/pioneer-0.0.0-py3.12.egg-info
[1.675s] running install_scripts
[1.826s] Installing velocity_publisher script to /home/jeremy/Resources/install/pioneer/lib/pioneer
[1.826s] writing list of installed files to '/home/jeremy/Resources/build/pioneer/install.log'
[1.877s] Invoked command in '/home/jeremy/Resources/src/pioneer' returned '0': DEBUGINFOD_URLS=https://debuginfod.ubuntu.com PYTHONPATH=/home/jeremy/Resources/build/pioneer/prefix_override:/usr/lib/python3/dist-packages/colcon_core/task/python/colcon_distutils_commands:/home/jeremy/Resources/install/pioneer/lib/python3.12/site-packages:${PYTHONPATH} /usr/bin/python3 -W ignore:setup.py install is deprecated -W ignore:easy_install command is deprecated setup.py egg_info --egg-base ../../build/pioneer build --build-base /home/jeremy/Resources/build/pioneer/build install --record /home/jeremy/Resources/build/pioneer/install.log --single-version-externally-managed install_data
