[0.646s] Invoking command in '/home/jeremy/Resources/src/pioneer': DEBUGINFOD_URLS=https://debuginfod.ubuntu.com PYTHONPATH=/home/jeremy/Resources/build/pioneer/prefix_override:/usr/lib/python3/dist-packages/colcon_core/task/python/colcon_distutils_commands:/home/jeremy/Resources/install/pioneer/lib/python3.12/site-packages:${PYTHONPATH} /usr/bin/python3 -W ignore:setup.py install is deprecated -W ignore:easy_install command is deprecated setup.py egg_info --egg-base ../../build/pioneer build --build-base /home/jeremy/Resources/build/pioneer/build install --record /home/jeremy/Resources/build/pioneer/install.log --single-version-externally-managed install_data
[0.859s] running egg_info
[0.873s] writing ../../build/pioneer/pioneer.egg-info/PKG-INFO
[0.873s] writing dependency_links to ../../build/pioneer/pioneer.egg-info/dependency_links.txt
[0.873s] writing requirements to ../../build/pioneer/pioneer.egg-info/requires.txt
[0.873s] writing top-level names to ../../build/pioneer/pioneer.egg-info/top_level.txt
[0.902s] reading manifest file '../../build/pioneer/pioneer.egg-info/SOURCES.txt'
[0.903s] writing manifest file '../../build/pioneer/pioneer.egg-info/SOURCES.txt'
[0.904s] running build
[0.904s] running build_py
[0.904s] running install
[0.909s] running install_lib
[0.929s] running install_data
[0.930s] copying src/robots/pioneer.urdf -> /home/jeremy/Resources/install/pioneer/share/pioneer/src/robots
[0.930s] copying src/worlds/basic_urdf.sdf -> /home/jeremy/Resources/install/pioneer/share/pioneer/src/worlds
[0.930s] copying config/bridge_config.yaml -> /home/jeremy/Resources/install/pioneer/share/pioneer/config
[0.930s] running install_egg_info
[0.946s] removing '/home/jeremy/Resources/install/pioneer/lib/python3.12/site-packages/pioneer-0.0.0-py3.12.egg-info' (and everything under it)
[0.947s] Copying ../../build/pioneer/pioneer.egg-info to /home/jeremy/Resources/install/pioneer/lib/python3.12/site-packages/pioneer-0.0.0-py3.12.egg-info
[0.947s] running install_scripts
[1.052s] writing list of installed files to '/home/jeremy/Resources/build/pioneer/install.log'
[1.074s] Invoked command in '/home/jeremy/Resources/src/pioneer' returned '0': DEBUGINFOD_URLS=https://debuginfod.ubuntu.com PYTHONPATH=/home/jeremy/Resources/build/pioneer/prefix_override:/usr/lib/python3/dist-packages/colcon_core/task/python/colcon_distutils_commands:/home/jeremy/Resources/install/pioneer/lib/python3.12/site-packages:${PYTHONPATH} /usr/bin/python3 -W ignore:setup.py install is deprecated -W ignore:easy_install command is deprecated setup.py egg_info --egg-base ../../build/pioneer build --build-base /home/jeremy/Resources/build/pioneer/build install --record /home/jeremy/Resources/build/pioneer/install.log --single-version-externally-managed install_data
