[0.839s] Invoking command in '/home/jeremy/Resources/src/py_pubsub': DEBUGINFOD_URLS=https://debuginfod.ubuntu.com PYTHONPATH=/home/jeremy/Resources/build/py_pubsub/prefix_override:/usr/lib/python3/dist-packages/colcon_core/task/python/colcon_distutils_commands:/home/jeremy/Resources/install/py_pubsub/lib/python3.12/site-packages:${PYTHONPATH} /usr/bin/python3 -W ignore:setup.py install is deprecated -W ignore:easy_install command is deprecated setup.py egg_info --egg-base ../../build/py_pubsub build --build-base /home/jeremy/Resources/build/py_pubsub/build install --record /home/jeremy/Resources/build/py_pubsub/install.log --single-version-externally-managed install_data
[1.059s] running egg_info
[1.074s] writing ../../build/py_pubsub/py_pubsub.egg-info/PKG-INFO
[1.075s] writing dependency_links to ../../build/py_pubsub/py_pubsub.egg-info/dependency_links.txt
[1.075s] writing requirements to ../../build/py_pubsub/py_pubsub.egg-info/requires.txt
[1.075s] writing top-level names to ../../build/py_pubsub/py_pubsub.egg-info/top_level.txt
[1.108s] reading manifest file '../../build/py_pubsub/py_pubsub.egg-info/SOURCES.txt'
[1.109s] adding license file 'LICENSE'
[1.109s] writing manifest file '../../build/py_pubsub/py_pubsub.egg-info/SOURCES.txt'
[1.109s] running build
[1.110s] running build_py
[1.110s] copying py_pubsub/publisher_member_function.py -> /home/jeremy/Resources/build/py_pubsub/build/lib/py_pubsub
[1.110s] copying py_pubsub/__init__.py -> /home/jeremy/Resources/build/py_pubsub/build/lib/py_pubsub
[1.110s] running install
[1.116s] running install_lib
[1.133s] copying /home/jeremy/Resources/build/py_pubsub/build/lib/py_pubsub/publisher_member_function.py -> /home/jeremy/Resources/install/py_pubsub/lib/python3.12/site-packages/py_pubsub
[1.133s] copying /home/jeremy/Resources/build/py_pubsub/build/lib/py_pubsub/__init__.py -> /home/jeremy/Resources/install/py_pubsub/lib/python3.12/site-packages/py_pubsub
[1.133s] byte-compiling /home/jeremy/Resources/install/py_pubsub/lib/python3.12/site-packages/py_pubsub/publisher_member_function.py to publisher_member_function.cpython-312.pyc
[1.134s] byte-compiling /home/jeremy/Resources/install/py_pubsub/lib/python3.12/site-packages/py_pubsub/__init__.py to __init__.cpython-312.pyc
[1.134s] running install_data
[1.134s] copying resource/py_pubsub -> /home/jeremy/Resources/install/py_pubsub/share/ament_index/resource_index/packages
[1.134s] copying package.xml -> /home/jeremy/Resources/install/py_pubsub/share/py_pubsub
[1.134s] running install_egg_info
[1.151s] removing '/home/jeremy/Resources/install/py_pubsub/lib/python3.12/site-packages/py_pubsub-0.0.0-py3.12.egg-info' (and everything under it)
[1.151s] Copying ../../build/py_pubsub/py_pubsub.egg-info to /home/jeremy/Resources/install/py_pubsub/lib/python3.12/site-packages/py_pubsub-0.0.0-py3.12.egg-info
[1.151s] running install_scripts
[1.259s] writing list of installed files to '/home/jeremy/Resources/build/py_pubsub/install.log'
[1.288s] Invoked command in '/home/jeremy/Resources/src/py_pubsub' returned '0': DEBUGINFOD_URLS=https://debuginfod.ubuntu.com PYTHONPATH=/home/jeremy/Resources/build/py_pubsub/prefix_override:/usr/lib/python3/dist-packages/colcon_core/task/python/colcon_distutils_commands:/home/jeremy/Resources/install/py_pubsub/lib/python3.12/site-packages:${PYTHONPATH} /usr/bin/python3 -W ignore:setup.py install is deprecated -W ignore:easy_install command is deprecated setup.py egg_info --egg-base ../../build/py_pubsub build --build-base /home/jeremy/Resources/build/py_pubsub/build install --record /home/jeremy/Resources/build/py_pubsub/install.log --single-version-externally-managed install_data
