running egg_info
writing ../../build/pioneer/pioneer.egg-info/PKG-INFO
writing dependency_links to ../../build/pioneer/pioneer.egg-info/dependency_links.txt
writing entry points to ../../build/pioneer/pioneer.egg-info/entry_points.txt
writing requirements to ../../build/pioneer/pioneer.egg-info/requires.txt
writing top-level names to ../../build/pioneer/pioneer.egg-info/top_level.txt
reading manifest file '../../build/pioneer/pioneer.egg-info/SOURCES.txt'
writing manifest file '../../build/pioneer/pioneer.egg-info/SOURCES.txt'
running build
running build_py
running install
running install_lib
running install_data
copying launch/display.launch.py -> /home/jeremy/Resources/install/pioneer/share/pioneer/launch
copying pioneer/waypoints.csv -> /home/jeremy/Resources/install/pioneer/share/pioneer
running install_egg_info
removing '/home/jeremy/Resources/install/pioneer/lib/python3.12/site-packages/pioneer-0.0.0-py3.12.egg-info' (and everything under it)
Copying ../../build/pioneer/pioneer.egg-info to /home/jeremy/Resources/install/pioneer/lib/python3.12/site-packages/pioneer-0.0.0-py3.12.egg-info
running install_scripts
Installing velocity_publisher script to /home/jeremy/Resources/install/pioneer/lib/pioneer
writing list of installed files to '/home/jeremy/Resources/build/pioneer/install.log'
