/home/jeremy/Resources/install/pioneer/lib/python3.12/site-packages/pioneer/velocity_publisher.py
/home/jeremy/Resources/install/pioneer/lib/python3.12/site-packages/pioneer/__init__.py
/home/jeremy/Resources/install/pioneer/lib/python3.12/site-packages/pioneer/__pycache__/velocity_publisher.cpython-312.pyc
/home/jeremy/Resources/install/pioneer/lib/python3.12/site-packages/pioneer/__pycache__/__init__.cpython-312.pyc
/home/jeremy/Resources/install/pioneer/share/ament_index/resource_index/packages/pioneer
/home/jeremy/Resources/install/pioneer/share/pioneer/package.xml
/home/jeremy/Resources/install/pioneer/share/pioneer/src/meshes/p3at_meshes/top.dae
/home/jeremy/Resources/install/pioneer/share/pioneer/src/meshes/p3at_meshes/top.stl
/home/jeremy/Resources/install/pioneer/share/pioneer/src/meshes/p3at_meshes/chassis.stl
/home/jeremy/Resources/install/pioneer/share/pioneer/src/meshes/p3at_meshes/axle.dae
/home/jeremy/Resources/install/pioneer/share/pioneer/src/meshes/p3at_meshes/Coordinates
/home/jeremy/Resources/install/pioneer/share/pioneer/src/meshes/p3at_meshes/back_sonar.dae
/home/jeremy/Resources/install/pioneer/share/pioneer/src/meshes/p3at_meshes/front_sonar.stl
/home/jeremy/Resources/install/pioneer/share/pioneer/src/meshes/p3at_meshes/right_hubcap.dae
/home/jeremy/Resources/install/pioneer/share/pioneer/src/meshes/p3at_meshes/right_hubcap.stl
/home/jeremy/Resources/install/pioneer/share/pioneer/src/meshes/p3at_meshes/axle.stl
/home/jeremy/Resources/install/pioneer/share/pioneer/src/meshes/p3at_meshes/wheel.stl
/home/jeremy/Resources/install/pioneer/share/pioneer/src/meshes/p3at_meshes/chassis.dae
/home/jeremy/Resources/install/pioneer/share/pioneer/src/meshes/p3at_meshes/wheel.dae
/home/jeremy/Resources/install/pioneer/share/pioneer/src/meshes/p3at_meshes/front_sonar.dae
/home/jeremy/Resources/install/pioneer/share/pioneer/src/meshes/p3at_meshes/left_hubcap.dae
/home/jeremy/Resources/install/pioneer/share/pioneer/src/meshes/p3at_meshes/left_hubcap.stl
/home/jeremy/Resources/install/pioneer/share/pioneer/src/meshes/p3at_meshes/back_sonar.stl
/home/jeremy/Resources/install/pioneer/share/pioneer/src/meshes/tampa1_mesh.dae
/home/jeremy/Resources/install/pioneer/share/pioneer/src/meshes/hokuyo1.dae
/home/jeremy/Resources/install/pioneer/share/pioneer/src/meshes/top.dae
/home/jeremy/Resources/install/pioneer/share/pioneer/src/meshes/suporte_depth_mesh.dae
/home/jeremy/Resources/install/pioneer/share/pioneer/src/meshes/suporte_base_mesh.dae
/home/jeremy/Resources/install/pioneer/share/pioneer/src/meshes/axle.dae
/home/jeremy/Resources/install/pioneer/share/pioneer/src/meshes/tampa4_mesh.dae
/home/jeremy/Resources/install/pioneer/share/pioneer/src/meshes/kinect.dae
/home/jeremy/Resources/install/pioneer/share/pioneer/src/meshes/suporte_kinect_mesh.dae
/home/jeremy/Resources/install/pioneer/share/pioneer/src/meshes/suporte_armControl_mesh.dae
/home/jeremy/Resources/install/pioneer/share/pioneer/src/meshes/Coordinates
/home/jeremy/Resources/install/pioneer/share/pioneer/src/meshes/suporte_monitor_mesh.dae
/home/jeremy/Resources/install/pioneer/share/pioneer/src/meshes/back_sonar.dae
/home/jeremy/Resources/install/pioneer/share/pioneer/src/meshes/tampa2_mesh.dae
/home/jeremy/Resources/install/pioneer/share/pioneer/src/meshes/right_hubcap.dae
/home/jeremy/Resources/install/pioneer/share/pioneer/src/meshes/James Oval.stl
/home/jeremy/Resources/install/pioneer/share/pioneer/src/meshes/back_sonar_mesh.dae
/home/jeremy/Resources/install/pioneer/share/pioneer/src/meshes/hokuyo_convex.stl
/home/jeremy/Resources/install/pioneer/share/pioneer/src/meshes/hokuyo.dae
/home/jeremy/Resources/install/pioneer/share/pioneer/src/meshes/james_oval.dae
/home/jeremy/Resources/install/pioneer/share/pioneer/src/meshes/chassis.dae
/home/jeremy/Resources/install/pioneer/share/pioneer/src/meshes/arm_control_box_mesh.dae
/home/jeremy/Resources/install/pioneer/share/pioneer/src/meshes/wheel.dae
/home/jeremy/Resources/install/pioneer/share/pioneer/src/meshes/left_hubcap_mesh.dae
/home/jeremy/Resources/install/pioneer/share/pioneer/src/meshes/front_sonar.dae
/home/jeremy/Resources/install/pioneer/share/pioneer/src/meshes/kinect.tga
/home/jeremy/Resources/install/pioneer/share/pioneer/src/meshes/left_hubcap.dae
/home/jeremy/Resources/install/pioneer/share/pioneer/src/meshes/tampa3_mesh.dae
/home/jeremy/Resources/install/pioneer/share/pioneer/src/meshes/tv_mesh.dae
/home/jeremy/Resources/install/pioneer/share/pioneer/src/meshes/suporte_base_mesh2.dae
/home/jeremy/Resources/install/pioneer/share/pioneer/src/robots/pioneer.urdf
/home/jeremy/Resources/install/pioneer/share/pioneer/src/worlds/basic_urdf.sdf
/home/jeremy/Resources/install/pioneer/share/pioneer/launch/display.launch.py
/home/jeremy/Resources/install/pioneer/share/pioneer/launch/sdf.launch.py
/home/jeremy/Resources/install/pioneer/share/pioneer/rviz/config.rviz
/home/jeremy/Resources/install/pioneer/share/pioneer/config/bridge_config.yaml
/home/jeremy/Resources/install/pioneer/share/pioneer/config/ekf.yaml
/home/jeremy/Resources/install/pioneer/share/pioneer/waypoints.csv
/home/jeremy/Resources/install/pioneer/lib/python3.12/site-packages/pioneer-0.0.0-py3.12.egg-info/PKG-INFO
/home/jeremy/Resources/install/pioneer/lib/python3.12/site-packages/pioneer-0.0.0-py3.12.egg-info/top_level.txt
/home/jeremy/Resources/install/pioneer/lib/python3.12/site-packages/pioneer-0.0.0-py3.12.egg-info/dependency_links.txt
/home/jeremy/Resources/install/pioneer/lib/python3.12/site-packages/pioneer-0.0.0-py3.12.egg-info/requires.txt
/home/jeremy/Resources/install/pioneer/lib/python3.12/site-packages/pioneer-0.0.0-py3.12.egg-info/SOURCES.txt
/home/jeremy/Resources/install/pioneer/lib/python3.12/site-packages/pioneer-0.0.0-py3.12.egg-info/entry_points.txt
/home/jeremy/Resources/install/pioneer/lib/python3.12/site-packages/pioneer-0.0.0-py3.12.egg-info/zip-safe
/home/jeremy/Resources/install/pioneer/lib/pioneer/velocity_publisher
