[1.388s] Invoking command in '/home/jeremy/Resources/src/pioneer': DEBUGINFOD_URLS=https://debuginfod.ubuntu.com PYTHONPATH=/home/jeremy/Resources/build/pioneer/prefix_override:/usr/lib/python3/dist-packages/colcon_core/task/python/colcon_distutils_commands:/home/jeremy/Resources/install/pioneer/lib/python3.12/site-packages:${PYTHONPATH} /usr/bin/python3 -W ignore:setup.py install is deprecated -W ignore:easy_install command is deprecated setup.py egg_info --egg-base ../../build/pioneer build --build-base /home/jeremy/Resources/build/pioneer/build install --record /home/jeremy/Resources/build/pioneer/install.log --single-version-externally-managed install_data
[1.761s] running egg_info
[1.784s] writing ../../build/pioneer/pioneer.egg-info/PKG-INFO
[1.785s] writing dependency_links to ../../build/pioneer/pioneer.egg-info/dependency_links.txt
[1.785s] writing entry points to ../../build/pioneer/pioneer.egg-info/entry_points.txt
[1.785s] writing requirements to ../../build/pioneer/pioneer.egg-info/requires.txt
[1.785s] writing top-level names to ../../build/pioneer/pioneer.egg-info/top_level.txt
[1.833s] reading manifest file '../../build/pioneer/pioneer.egg-info/SOURCES.txt'
[1.835s] writing manifest file '../../build/pioneer/pioneer.egg-info/SOURCES.txt'
[1.835s] running build
[1.835s] running build_py
[1.836s] running install
[1.847s] running install_lib
[1.874s] running install_data
[1.875s] running install_egg_info
[1.905s] removing '/home/jeremy/Resources/install/pioneer/lib/python3.12/site-packages/pioneer-0.0.0-py3.12.egg-info' (and everything under it)
[1.905s] Copying ../../build/pioneer/pioneer.egg-info to /home/jeremy/Resources/install/pioneer/lib/python3.12/site-packages/pioneer-0.0.0-py3.12.egg-info
[1.906s] running install_scripts
[2.097s] Installing velocity_publisher script to /home/jeremy/Resources/install/pioneer/lib/pioneer
[2.101s] writing list of installed files to '/home/jeremy/Resources/build/pioneer/install.log'
[2.159s] Invoked command in '/home/jeremy/Resources/src/pioneer' returned '0': DEBUGINFOD_URLS=https://debuginfod.ubuntu.com PYTHONPATH=/home/jeremy/Resources/build/pioneer/prefix_override:/usr/lib/python3/dist-packages/colcon_core/task/python/colcon_distutils_commands:/home/jeremy/Resources/install/pioneer/lib/python3.12/site-packages:${PYTHONPATH} /usr/bin/python3 -W ignore:setup.py install is deprecated -W ignore:easy_install command is deprecated setup.py egg_info --egg-base ../../build/pioneer build --build-base /home/jeremy/Resources/build/pioneer/build install --record /home/jeremy/Resources/build/pioneer/install.log --single-version-externally-managed install_data
