[0.618s] Invoking command in '/home/jeremy/Resources/src/pioneer': DEBUGINFOD_URLS=https://debuginfod.ubuntu.com PYTHONPATH=/home/jeremy/Resources/src/build/pioneer/prefix_override:/usr/lib/python3/dist-packages/colcon_core/task/python/colcon_distutils_commands:/home/jeremy/Resources/src/install/pioneer/lib/python3.12/site-packages:${PYTHONPATH} /usr/bin/python3 -W ignore:setup.py install is deprecated -W ignore:easy_install command is deprecated setup.py egg_info --egg-base ../build/pioneer build --build-base /home/jeremy/Resources/src/build/pioneer/build install --record /home/jeremy/Resources/src/build/pioneer/install.log --single-version-externally-managed install_data
[0.823s] running egg_info
[0.839s] writing ../build/pioneer/pioneer.egg-info/PKG-INFO
[0.839s] writing dependency_links to ../build/pioneer/pioneer.egg-info/dependency_links.txt
[0.839s] writing requirements to ../build/pioneer/pioneer.egg-info/requires.txt
[0.839s] writing top-level names to ../build/pioneer/pioneer.egg-info/top_level.txt
[0.869s] reading manifest file '../build/pioneer/pioneer.egg-info/SOURCES.txt'
[0.870s] writing manifest file '../build/pioneer/pioneer.egg-info/SOURCES.txt'
[0.870s] running build
[0.870s] running build_py
[0.871s] running install
[0.876s] running install_lib
[0.891s] running install_data
[0.892s] copying launch/display.launch.py -> /home/jeremy/Resources/src/install/pioneer/share/pioneer/launch
[0.892s] copying config/ekf.yaml -> /home/jeremy/Resources/src/install/pioneer/share/pioneer/config
[0.892s] running install_egg_info
[0.907s] removing '/home/jeremy/Resources/src/install/pioneer/lib/python3.12/site-packages/pioneer-0.0.0-py3.12.egg-info' (and everything under it)
[0.908s] Copying ../build/pioneer/pioneer.egg-info to /home/jeremy/Resources/src/install/pioneer/lib/python3.12/site-packages/pioneer-0.0.0-py3.12.egg-info
[0.911s] running install_scripts
[1.011s] writing list of installed files to '/home/jeremy/Resources/src/build/pioneer/install.log'
[1.036s] Invoked command in '/home/jeremy/Resources/src/pioneer' returned '0': DEBUGINFOD_URLS=https://debuginfod.ubuntu.com PYTHONPATH=/home/jeremy/Resources/src/build/pioneer/prefix_override:/usr/lib/python3/dist-packages/colcon_core/task/python/colcon_distutils_commands:/home/jeremy/Resources/src/install/pioneer/lib/python3.12/site-packages:${PYTHONPATH} /usr/bin/python3 -W ignore:setup.py install is deprecated -W ignore:easy_install command is deprecated setup.py egg_info --egg-base ../build/pioneer build --build-base /home/jeremy/Resources/src/build/pioneer/build install --record /home/jeremy/Resources/src/build/pioneer/install.log --single-version-externally-managed install_data
