[0.670s] Invoking command in '/home/jeremy/Resources/src/pioneer': DEBUGINFOD_URLS=https://debuginfod.ubuntu.com PYTHONPATH=/home/jeremy/Resources/src/build/pioneer/prefix_override:/usr/lib/python3/dist-packages/colcon_core/task/python/colcon_distutils_commands:/home/jeremy/Resources/src/install/pioneer/lib/python3.12/site-packages:${PYTHONPATH} /usr/bin/python3 -W ignore:setup.py install is deprecated -W ignore:easy_install command is deprecated setup.py egg_info --egg-base ../build/pioneer build --build-base /home/jeremy/Resources/src/build/pioneer/build install --record /home/jeremy/Resources/src/build/pioneer/install.log --single-version-externally-managed install_data
[0.877s] running egg_info
[0.891s] writing ../build/pioneer/pioneer.egg-info/PKG-INFO
[0.892s] writing dependency_links to ../build/pioneer/pioneer.egg-info/dependency_links.txt
[0.892s] writing requirements to ../build/pioneer/pioneer.egg-info/requires.txt
[0.892s] writing top-level names to ../build/pioneer/pioneer.egg-info/top_level.txt
[0.925s] reading manifest file '../build/pioneer/pioneer.egg-info/SOURCES.txt'
[0.926s] writing manifest file '../build/pioneer/pioneer.egg-info/SOURCES.txt'
[0.926s] running build
[0.926s] running build_py
[0.926s] running install
[0.931s] running install_lib
[0.946s] running install_data
[0.947s] copying src/robots/pioneer.urdf -> /home/jeremy/Resources/src/install/pioneer/share/pioneer/src/robots
[0.947s] running install_egg_info
[0.963s] removing '/home/jeremy/Resources/src/install/pioneer/lib/python3.12/site-packages/pioneer-0.0.0-py3.12.egg-info' (and everything under it)
[0.963s] Copying ../build/pioneer/pioneer.egg-info to /home/jeremy/Resources/src/install/pioneer/lib/python3.12/site-packages/pioneer-0.0.0-py3.12.egg-info
[0.963s] running install_scripts
[1.066s] writing list of installed files to '/home/jeremy/Resources/src/build/pioneer/install.log'
[1.088s] Invoked command in '/home/jeremy/Resources/src/pioneer' returned '0': DEBUGINFOD_URLS=https://debuginfod.ubuntu.com PYTHONPATH=/home/jeremy/Resources/src/build/pioneer/prefix_override:/usr/lib/python3/dist-packages/colcon_core/task/python/colcon_distutils_commands:/home/jeremy/Resources/src/install/pioneer/lib/python3.12/site-packages:${PYTHONPATH} /usr/bin/python3 -W ignore:setup.py install is deprecated -W ignore:easy_install command is deprecated setup.py egg_info --egg-base ../build/pioneer build --build-base /home/jeremy/Resources/src/build/pioneer/build install --record /home/jeremy/Resources/src/build/pioneer/install.log --single-version-externally-managed install_data
