[1.141s] Invoking command in '/home/jeremy/Resources/src/py_pubsub': DEBUGINFOD_URLS=https://debuginfod.ubuntu.com PYTHONPATH=/home/jeremy/Resources/build/py_pubsub/prefix_override:/usr/lib/python3/dist-packages/colcon_core/task/python/colcon_distutils_commands:/home/jeremy/Resources/install/py_pubsub/lib/python3.12/site-packages:${PYTHONPATH} /usr/bin/python3 -W ignore:setup.py install is deprecated -W ignore:easy_install command is deprecated setup.py egg_info --egg-base ../../build/py_pubsub build --build-base /home/jeremy/Resources/build/py_pubsub/build install --record /home/jeremy/Resources/build/py_pubsub/install.log --single-version-externally-managed install_data
[1.430s] running egg_info
[1.450s] writing ../../build/py_pubsub/py_pubsub.egg-info/PKG-INFO
[1.451s] writing dependency_links to ../../build/py_pubsub/py_pubsub.egg-info/dependency_links.txt
[1.451s] writing requirements to ../../build/py_pubsub/py_pubsub.egg-info/requires.txt
[1.451s] writing top-level names to ../../build/py_pubsub/py_pubsub.egg-info/top_level.txt
[1.491s] reading manifest file '../../build/py_pubsub/py_pubsub.egg-info/SOURCES.txt'
[1.492s] adding license file 'LICENSE'
[1.492s] writing manifest file '../../build/py_pubsub/py_pubsub.egg-info/SOURCES.txt'
[1.492s] running build
[1.492s] running build_py
[1.493s] running install
[1.500s] running install_lib
[1.526s] running install_data
[1.526s] running install_egg_info
[1.548s] removing '/home/jeremy/Resources/install/py_pubsub/lib/python3.12/site-packages/py_pubsub-0.0.0-py3.12.egg-info' (and everything under it)
[1.548s] Copying ../../build/py_pubsub/py_pubsub.egg-info to /home/jeremy/Resources/install/py_pubsub/lib/python3.12/site-packages/py_pubsub-0.0.0-py3.12.egg-info
[1.549s] running install_scripts
[1.697s] writing list of installed files to '/home/jeremy/Resources/build/py_pubsub/install.log'
[1.738s] Invoked command in '/home/jeremy/Resources/src/py_pubsub' returned '0': DEBUGINFOD_URLS=https://debuginfod.ubuntu.com PYTHONPATH=/home/jeremy/Resources/build/py_pubsub/prefix_override:/usr/lib/python3/dist-packages/colcon_core/task/python/colcon_distutils_commands:/home/jeremy/Resources/install/py_pubsub/lib/python3.12/site-packages:${PYTHONPATH} /usr/bin/python3 -W ignore:setup.py install is deprecated -W ignore:easy_install command is deprecated setup.py egg_info --egg-base ../../build/py_pubsub build --build-base /home/jeremy/Resources/build/py_pubsub/build install --record /home/jeremy/Resources/build/py_pubsub/install.log --single-version-externally-managed install_data
