running egg_info
creating ../build/pioneer/pioneer.egg-info
writing ../build/pioneer/pioneer.egg-info/PKG-INFO
writing dependency_links to ../build/pioneer/pioneer.egg-info/dependency_links.txt
writing requirements to ../build/pioneer/pioneer.egg-info/requires.txt
writing top-level names to ../build/pioneer/pioneer.egg-info/top_level.txt
writing manifest file '../build/pioneer/pioneer.egg-info/SOURCES.txt'
reading manifest file '../build/pioneer/pioneer.egg-info/SOURCES.txt'
writing manifest file '../build/pioneer/pioneer.egg-info/SOURCES.txt'
running build
running build_py
creating /home/jeremy/Resources/src/build/pioneer/build
creating /home/jeremy/Resources/src/build/pioneer/build/lib
creating /home/jeremy/Resources/src/build/pioneer/build/lib/pioneer
copying pioneer/__init__.py -> /home/jeremy/Resources/src/build/pioneer/build/lib/pioneer
running install
running install_lib
creating /home/jeremy/Resources/src/install/pioneer/lib/python3.12/site-packages/pioneer
copying /home/jeremy/Resources/src/build/pioneer/build/lib/pioneer/__init__.py -> /home/jeremy/Resources/src/install/pioneer/lib/python3.12/site-packages/pioneer
byte-compiling /home/jeremy/Resources/src/install/pioneer/lib/python3.12/site-packages/pioneer/__init__.py to __init__.cpython-312.pyc
running install_data
creating /home/jeremy/Resources/src/install/pioneer/share/ament_index
creating /home/jeremy/Resources/src/install/pioneer/share/ament_index/resource_index
creating /home/jeremy/Resources/src/install/pioneer/share/ament_index/resource_index/packages
copying resource/pioneer -> /home/jeremy/Resources/src/install/pioneer/share/ament_index/resource_index/packages
copying package.xml -> /home/jeremy/Resources/src/install/pioneer/share/pioneer
running install_egg_info
Copying ../build/pioneer/pioneer.egg-info to /home/jeremy/Resources/src/install/pioneer/lib/python3.12/site-packages/pioneer-0.0.0-py3.12.egg-info
running install_scripts
writing list of installed files to '/home/jeremy/Resources/src/build/pioneer/install.log'
