[0.611s] Invoking command in '/home/jeremy/Resources/src/pioneer': DEBUGINFOD_URLS=https://debuginfod.ubuntu.com PYTHONPATH=/home/jeremy/Resources/src/build/pioneer/prefix_override:/usr/lib/python3/dist-packages/colcon_core/task/python/colcon_distutils_commands:/home/jeremy/Resources/src/install/pioneer/lib/python3.12/site-packages:${PYTHONPATH} /usr/bin/python3 -W ignore:setup.py install is deprecated -W ignore:easy_install command is deprecated setup.py egg_info --egg-base ../build/pioneer build --build-base /home/jeremy/Resources/src/build/pioneer/build install --record /home/jeremy/Resources/src/build/pioneer/install.log --single-version-externally-managed install_data
[0.813s] running egg_info
[0.813s] creating ../build/pioneer/pioneer.egg-info
[0.828s] writing ../build/pioneer/pioneer.egg-info/PKG-INFO
[0.828s] writing dependency_links to ../build/pioneer/pioneer.egg-info/dependency_links.txt
[0.828s] writing requirements to ../build/pioneer/pioneer.egg-info/requires.txt
[0.828s] writing top-level names to ../build/pioneer/pioneer.egg-info/top_level.txt
[0.829s] writing manifest file '../build/pioneer/pioneer.egg-info/SOURCES.txt'
[0.858s] reading manifest file '../build/pioneer/pioneer.egg-info/SOURCES.txt'
[0.858s] writing manifest file '../build/pioneer/pioneer.egg-info/SOURCES.txt'
[0.858s] running build
[0.858s] running build_py
[0.858s] creating /home/jeremy/Resources/src/build/pioneer/build
[0.859s] creating /home/jeremy/Resources/src/build/pioneer/build/lib
[0.859s] creating /home/jeremy/Resources/src/build/pioneer/build/lib/pioneer
[0.859s] copying pioneer/__init__.py -> /home/jeremy/Resources/src/build/pioneer/build/lib/pioneer
[0.859s] running install
[0.864s] running install_lib
[0.878s] creating /home/jeremy/Resources/src/install/pioneer/lib/python3.12/site-packages/pioneer
[0.878s] copying /home/jeremy/Resources/src/build/pioneer/build/lib/pioneer/__init__.py -> /home/jeremy/Resources/src/install/pioneer/lib/python3.12/site-packages/pioneer
[0.878s] byte-compiling /home/jeremy/Resources/src/install/pioneer/lib/python3.12/site-packages/pioneer/__init__.py to __init__.cpython-312.pyc
[0.879s] running install_data
[0.879s] creating /home/jeremy/Resources/src/install/pioneer/share/ament_index
[0.879s] creating /home/jeremy/Resources/src/install/pioneer/share/ament_index/resource_index
[0.879s] creating /home/jeremy/Resources/src/install/pioneer/share/ament_index/resource_index/packages
[0.879s] copying resource/pioneer -> /home/jeremy/Resources/src/install/pioneer/share/ament_index/resource_index/packages
[0.879s] copying package.xml -> /home/jeremy/Resources/src/install/pioneer/share/pioneer
[0.879s] running install_egg_info
[0.894s] Copying ../build/pioneer/pioneer.egg-info to /home/jeremy/Resources/src/install/pioneer/lib/python3.12/site-packages/pioneer-0.0.0-py3.12.egg-info
[0.895s] running install_scripts
[0.996s] writing list of installed files to '/home/jeremy/Resources/src/build/pioneer/install.log'
[1.021s] Invoked command in '/home/jeremy/Resources/src/pioneer' returned '0': DEBUGINFOD_URLS=https://debuginfod.ubuntu.com PYTHONPATH=/home/jeremy/Resources/src/build/pioneer/prefix_override:/usr/lib/python3/dist-packages/colcon_core/task/python/colcon_distutils_commands:/home/jeremy/Resources/src/install/pioneer/lib/python3.12/site-packages:${PYTHONPATH} /usr/bin/python3 -W ignore:setup.py install is deprecated -W ignore:easy_install command is deprecated setup.py egg_info --egg-base ../build/pioneer build --build-base /home/jeremy/Resources/src/build/pioneer/build install --record /home/jeremy/Resources/src/build/pioneer/install.log --single-version-externally-managed install_data
