[0.666s] Invoking command in '/home/jeremy/Resources/src/pioneer': DEBUGINFOD_URLS=https://debuginfod.ubuntu.com PYTHONPATH=/home/jeremy/Resources/build/pioneer/prefix_override:/usr/lib/python3/dist-packages/colcon_core/task/python/colcon_distutils_commands:/home/jeremy/Resources/install/pioneer/lib/python3.12/site-packages:${PYTHONPATH} /usr/bin/python3 -W ignore:setup.py install is deprecated -W ignore:easy_install command is deprecated setup.py egg_info --egg-base ../../build/pioneer build --build-base /home/jeremy/Resources/build/pioneer/build install --record /home/jeremy/Resources/build/pioneer/install.log --single-version-externally-managed install_data
[0.890s] running egg_info
[0.906s] writing ../../build/pioneer/pioneer.egg-info/PKG-INFO
[0.906s] writing dependency_links to ../../build/pioneer/pioneer.egg-info/dependency_links.txt
[0.907s] writing entry points to ../../build/pioneer/pioneer.egg-info/entry_points.txt
[0.907s] writing requirements to ../../build/pioneer/pioneer.egg-info/requires.txt
[0.907s] writing top-level names to ../../build/pioneer/pioneer.egg-info/top_level.txt
[0.948s] reading manifest file '../../build/pioneer/pioneer.egg-info/SOURCES.txt'
[0.950s] writing manifest file '../../build/pioneer/pioneer.egg-info/SOURCES.txt'
[0.950s] running build
[0.950s] running build_py
[0.951s] copying pioneer/velocity_publisher.py -> /home/jeremy/Resources/build/pioneer/build/lib/pioneer
[0.951s] running install
[0.956s] running install_lib
[0.975s] copying /home/jeremy/Resources/build/pioneer/build/lib/pioneer/velocity_publisher.py -> /home/jeremy/Resources/install/pioneer/lib/python3.12/site-packages/pioneer
[0.975s] byte-compiling /home/jeremy/Resources/install/pioneer/lib/python3.12/site-packages/pioneer/velocity_publisher.py to velocity_publisher.cpython-312.pyc
[0.976s] running install_data
[0.977s] copying pioneer/waypoints.csv -> /home/jeremy/Resources/install/pioneer/share/pioneer
[0.977s] running install_egg_info
[0.996s] removing '/home/jeremy/Resources/install/pioneer/lib/python3.12/site-packages/pioneer-0.0.0-py3.12.egg-info' (and everything under it)
[0.996s] Copying ../../build/pioneer/pioneer.egg-info to /home/jeremy/Resources/install/pioneer/lib/python3.12/site-packages/pioneer-0.0.0-py3.12.egg-info
[0.996s] running install_scripts
[1.111s] Installing velocity_publisher script to /home/jeremy/Resources/install/pioneer/lib/pioneer
[1.112s] writing list of installed files to '/home/jeremy/Resources/build/pioneer/install.log'
[1.145s] Invoked command in '/home/jeremy/Resources/src/pioneer' returned '0': DEBUGINFOD_URLS=https://debuginfod.ubuntu.com PYTHONPATH=/home/jeremy/Resources/build/pioneer/prefix_override:/usr/lib/python3/dist-packages/colcon_core/task/python/colcon_distutils_commands:/home/jeremy/Resources/install/pioneer/lib/python3.12/site-packages:${PYTHONPATH} /usr/bin/python3 -W ignore:setup.py install is deprecated -W ignore:easy_install command is deprecated setup.py egg_info --egg-base ../../build/pioneer build --build-base /home/jeremy/Resources/build/pioneer/build install --record /home/jeremy/Resources/build/pioneer/install.log --single-version-externally-managed install_data
